2023-11-06T15:29:47+00:00 CRITICAL require_once(): Failed opening required './inc/api/add_product.php' (include_path='.;C:\php\pear') in C:\wamp64\www\Anotherprojects\dreamspos\wp-content\themes\custom_theme\functions.php on line 3

2023-11-06T15:31:48+00:00 CRITICAL require_once(): Failed opening required './inc/api/add_product.php' (include_path='.;C:\php\pear') in C:\wamp64\www\Anotherprojects\dreamspos\wp-content\themes\custom_theme\functions.php on line 3

2023-11-06T15:33:49+00:00 CRITICAL require_once(): Failed opening required './inc/api/add_product.php' (include_path='.;C:\php\pear') in C:\wamp64\www\Anotherprojects\dreamspos\wp-content\themes\custom_theme\functions.php on line 3

2023-11-06T15:35:50+00:00 CRITICAL require_once(): Failed opening required './inc/api/add_product.php' (include_path='.;C:\php\pear') in C:\wamp64\www\Anotherprojects\dreamspos\wp-content\themes\custom_theme\functions.php on line 3

2023-11-06T15:37:51+00:00 CRITICAL require_once(): Failed opening required './inc/api/add_product.php' (include_path='.;C:\php\pear') in C:\wamp64\www\Anotherprojects\dreamspos\wp-content\themes\custom_theme\functions.php on line 3

2023-11-06T15:38:52+00:00 CRITICAL require_once(): Failed opening required './inc/api/add_product.php' (include_path='.;C:\php\pear') in C:\wamp64\www\Anotherprojects\dreamspos\wp-content\themes\custom_theme\functions.php on line 3

2023-11-06T15:39:29+00:00 CRITICAL require_once(): Failed opening required './inc/api/add_product.php' (include_path='.;C:\php\pear') in C:\wamp64\www\Anotherprojects\dreamspos\wp-content\themes\custom_theme\functions.php on line 3

2023-11-06T15:39:29+00:00 CRITICAL require_once(): Failed opening required './inc/api/add_product.php' (include_path='.;C:\php\pear') in C:\wamp64\www\Anotherprojects\dreamspos\wp-content\themes\custom_theme\functions.php on line 3

2023-11-06T15:40:07+00:00 CRITICAL require_once(): Failed opening required './inc/api/add_product.php' (include_path='.;C:\php\pear') in C:\wamp64\www\Anotherprojects\dreamspos\wp-content\themes\custom_theme\functions.php on line 4

2023-11-06T15:40:08+00:00 CRITICAL require_once(): Failed opening required './inc/api/add_product.php' (include_path='.;C:\php\pear') in C:\wamp64\www\Anotherprojects\dreamspos\wp-content\themes\custom_theme\functions.php on line 4

2023-11-06T15:40:53+00:00 CRITICAL require_once(): Failed opening required './inc/api/add_product.php' (include_path='.;C:\php\pear') in C:\wamp64\www\Anotherprojects\dreamspos\wp-content\themes\custom_theme\functions.php on line 4

2023-11-06T15:41:01+00:00 CRITICAL require_once(): Failed opening required './inc/api/add_product.php' (include_path='.;C:\php\pear') in C:\wamp64\www\Anotherprojects\dreamspos\wp-content\themes\custom_theme\functions.php on line 4

2023-11-06T15:41:02+00:00 CRITICAL require_once(): Failed opening required './inc/api/add_product.php' (include_path='.;C:\php\pear') in C:\wamp64\www\Anotherprojects\dreamspos\wp-content\themes\custom_theme\functions.php on line 4

2023-11-06T15:45:00+00:00 CRITICAL Uncaught Error: Call to undefined function media_handle_upload() in C:\wamp64\www\Anotherprojects\dreamspos\wp-content\themes\custom_theme\inc\api\add_product.php:29
Stack trace:
#0 C:\wamp64\www\Anotherprojects\dreamspos\wp-includes\rest-api\class-wp-rest-server.php(1188): add_new_product(Object(WP_REST_Request))
#1 C:\wamp64\www\Anotherprojects\dreamspos\wp-includes\rest-api\class-wp-rest-server.php(1035): WP_REST_Server->respond_to_request(Object(WP_REST_Request), '/products/v1/ad...', Array, NULL)
#2 C:\wamp64\www\Anotherprojects\dreamspos\wp-includes\rest-api\class-wp-rest-server.php(447): WP_REST_Server->dispatch(Object(WP_REST_Request))
#3 C:\wamp64\www\Anotherprojects\dreamspos\wp-includes\rest-api.php(418): WP_REST_Server->serve_request('/products/v1/ad...')
#4 C:\wamp64\www\Anotherprojects\dreamspos\wp-includes\class-wp-hook.php(310): rest_api_loaded(Object(WP))
#5 C:\wamp64\www\Anotherprojects\dreamspos\wp-includes\class-wp-hook.php(334): WP_Hook->apply_filters(NULL, Array)
#6 C:\wamp64\www\Another in C:\wamp64\www\Anotherprojects\dreamspos\wp-content\themes\custom_theme\inc\api\add_product.php on line 29

2023-11-06T15:45:45+00:00 CRITICAL Uncaught Error: Call to undefined function media_handle_upload() in C:\wamp64\www\Anotherprojects\dreamspos\wp-content\themes\custom_theme\inc\api\add_product.php:29
Stack trace:
#0 C:\wamp64\www\Anotherprojects\dreamspos\wp-includes\rest-api\class-wp-rest-server.php(1188): add_new_product(Object(WP_REST_Request))
#1 C:\wamp64\www\Anotherprojects\dreamspos\wp-includes\rest-api\class-wp-rest-server.php(1035): WP_REST_Server->respond_to_request(Object(WP_REST_Request), '/products/v1/ad...', Array, NULL)
#2 C:\wamp64\www\Anotherprojects\dreamspos\wp-includes\rest-api\class-wp-rest-server.php(447): WP_REST_Server->dispatch(Object(WP_REST_Request))
#3 C:\wamp64\www\Anotherprojects\dreamspos\wp-includes\rest-api.php(418): WP_REST_Server->serve_request('/products/v1/ad...')
#4 C:\wamp64\www\Anotherprojects\dreamspos\wp-includes\class-wp-hook.php(310): rest_api_loaded(Object(WP))
#5 C:\wamp64\www\Anotherprojects\dreamspos\wp-includes\class-wp-hook.php(334): WP_Hook->apply_filters(NULL, Array)
#6 C:\wamp64\www\Another in C:\wamp64\www\Anotherprojects\dreamspos\wp-content\themes\custom_theme\inc\api\add_product.php on line 29

2023-11-06T15:47:46+00:00 CRITICAL Uncaught Error: Call to undefined function media_handle_upload() in C:\wamp64\www\Anotherprojects\dreamspos\wp-content\themes\custom_theme\inc\api\add_product.php:31
Stack trace:
#0 C:\wamp64\www\Anotherprojects\dreamspos\wp-includes\rest-api\class-wp-rest-server.php(1188): add_new_product(Object(WP_REST_Request))
#1 C:\wamp64\www\Anotherprojects\dreamspos\wp-includes\rest-api\class-wp-rest-server.php(1035): WP_REST_Server->respond_to_request(Object(WP_REST_Request), '/products/v1/ad...', Array, NULL)
#2 C:\wamp64\www\Anotherprojects\dreamspos\wp-includes\rest-api\class-wp-rest-server.php(447): WP_REST_Server->dispatch(Object(WP_REST_Request))
#3 C:\wamp64\www\Anotherprojects\dreamspos\wp-includes\rest-api.php(418): WP_REST_Server->serve_request('/products/v1/ad...')
#4 C:\wamp64\www\Anotherprojects\dreamspos\wp-includes\class-wp-hook.php(310): rest_api_loaded(Object(WP))
#5 C:\wamp64\www\Anotherprojects\dreamspos\wp-includes\class-wp-hook.php(334): WP_Hook->apply_filters(NULL, Array)
#6 C:\wamp64\www\Another in C:\wamp64\www\Anotherprojects\dreamspos\wp-content\themes\custom_theme\inc\api\add_product.php on line 31

2023-11-06T15:47:58+00:00 CRITICAL Uncaught Error: Call to undefined function media_handle_upload() in C:\wamp64\www\Anotherprojects\dreamspos\wp-content\themes\custom_theme\inc\api\add_product.php:31
Stack trace:
#0 C:\wamp64\www\Anotherprojects\dreamspos\wp-includes\rest-api\class-wp-rest-server.php(1188): add_new_product(Object(WP_REST_Request))
#1 C:\wamp64\www\Anotherprojects\dreamspos\wp-includes\rest-api\class-wp-rest-server.php(1035): WP_REST_Server->respond_to_request(Object(WP_REST_Request), '/products/v1/ad...', Array, NULL)
#2 C:\wamp64\www\Anotherprojects\dreamspos\wp-includes\rest-api\class-wp-rest-server.php(447): WP_REST_Server->dispatch(Object(WP_REST_Request))
#3 C:\wamp64\www\Anotherprojects\dreamspos\wp-includes\rest-api.php(418): WP_REST_Server->serve_request('/products/v1/ad...')
#4 C:\wamp64\www\Anotherprojects\dreamspos\wp-includes\class-wp-hook.php(310): rest_api_loaded(Object(WP))
#5 C:\wamp64\www\Anotherprojects\dreamspos\wp-includes\class-wp-hook.php(334): WP_Hook->apply_filters(NULL, Array)
#6 C:\wamp64\www\Another in C:\wamp64\www\Anotherprojects\dreamspos\wp-content\themes\custom_theme\inc\api\add_product.php on line 31

